



[Sat Feb  3 11:58:38 2024
] Error: Error en la fila 1 del Csv de Precio de compra del kilovatio no se ha podido convertir a numero correctamente
[Sat Feb  3 11:58:38 2024
] Error: Los datos de los precios son incorrectos

[Sat Feb  3 11:58:38 2024
] Error: Fallo las entradas son incorrectas
[Sat Feb  3 12:00:57 2024
] Error: Error en la fila 1 del Csv de Precio de compra del kilovatio no se ha podido convertir a numero correctamente
[Sat Feb  3 12:00:57 2024
] Error: Los datos de los precios son incorrectos

[Sat Feb  3 12:00:57 2024
] Error: Fallo las entradas son incorrectas
[Sat Feb  3 12:01:55 2024
] Error: Error en la fila 1 del Csv de Precio de compra del kilovatio no se ha podido convertir a numero correctamente
[Sat Feb  3 12:01:55 2024
] Error: Los datos de los precios son incorrectos

[Sat Feb  3 12:01:55 2024
] Error: Fallo las entradas son incorrectas
[Sat Feb  3 12:03:24 2024
] Error: Error en la fila 1 del Csv de Precio de compra del kilovatio no se ha podido convertir a numero correctamente
[Sat Feb  3 12:03:24 2024
] Error: Los datos de los precios son incorrectos

[Sat Feb  3 12:03:24 2024
] Error: Fallo las entradas son incorrectas
[Sat Feb  3 12:09:34 2024
] Error: No se ha podido abrir el archivo Precio_Compra_Kilovatio.csv
[Sat Feb  3 12:09:34 2024
] Error: Fallo en la lectura de los datos de entrada
[Sat Feb  3 12:09:41 2024
] Error: Error en la columna 6 del CSV Vehiculos el encabezado deberia ser A침o Inicial Carga y es A絪 Inicial Carga
[Sat Feb  3 12:09:41 2024
] Error: Los encabezados del CSV de los vehiculos son incorrectos
[Sat Feb  3 12:09:41 2024
] Error: La informacion de los vehiculos es incorrecta

[Sat Feb  3 12:09:41 2024
] Error: Fallo las entradas son incorrectas
[Sat Feb  3 12:11:21 2024
] Error: Error en la columna 6 del CSV Vehiculos el encabezado deberia ser A침o Inicial Carga y es A絪 Inicial Carga
[Sat Feb  3 12:11:21 2024
] Error: Los encabezados del CSV de los vehiculos son incorrectos
[Sat Feb  3 12:11:21 2024
] Error: La informacion de los vehiculos es incorrecta

[Sat Feb  3 12:11:21 2024
] Error: Fallo las entradas son incorrectas
[Sat Feb  3 12:24:24 2024
] Error: Error en la columna 5 del CSV baterias el encabezado deberia ser A침o Inicial y es A絪 Inicial
[Sat Feb  3 12:24:24 2024
] Error: los encabezados del csv de las baterias son incorrectos

[Sat Feb  3 12:24:24 2024
] Error: error en los encabezados del csv de las baterias

[Sat Feb  3 12:24:24 2024
] Error: La informacion de las baterias es incorrecta

[Sat Feb  3 12:24:24 2024
] Error: Fallo las entradas son incorrectas
[Sat Feb  3 12:25:17 2024
] Error: Error en la columna 5 del CSV baterias el encabezado deberia ser A침o Inicial y es A絪 Inicial
[Sat Feb  3 12:25:17 2024
] Error: los encabezados del csv de las baterias son incorrectos

[Sat Feb  3 12:25:17 2024
] Error: error en los encabezados del csv de las baterias

[Sat Feb  3 12:25:17 2024
] Error: La informacion de las baterias es incorrecta

[Sat Feb  3 12:25:17 2024
] Error: Fallo las entradas son incorrectas
[Sat Feb  3 12:25:32 2024
] Error: Error en la columna 5 del CSV baterias el encabezado deberia ser A침o Inicial y es A絪 Inicial
[Sat Feb  3 12:25:32 2024
] Error: los encabezados del csv de las baterias son incorrectos

[Sat Feb  3 12:25:32 2024
] Error: error en los encabezados del csv de las baterias

[Sat Feb  3 12:25:32 2024
] Error: La informacion de las baterias es incorrecta

[Sat Feb  3 12:25:32 2024
] Error: Fallo las entradas son incorrectas
[Sat Feb  3 12:25:54 2024
] Error: Error en la columna 5 del CSV baterias el encabezado deberia ser A침o Inicial y es A絪 Inicial
[Sat Feb  3 12:25:54 2024
] Error: los encabezados del csv de las baterias son incorrectos

[Sat Feb  3 12:25:54 2024
] Error: error en los encabezados del csv de las baterias

[Sat Feb  3 12:25:54 2024
] Error: La informacion de las baterias es incorrecta

[Sat Feb  3 12:25:54 2024
] Error: Fallo las entradas son incorrectas
[Sat Feb  3 12:26:06 2024
] Error: Error en la columna 5 del CSV baterias el encabezado deberia ser A침o Inicial y es A絪 Inicial
[Sat Feb  3 12:26:06 2024
] Error: los encabezados del csv de las baterias son incorrectos

[Sat Feb  3 12:26:06 2024
] Error: error en los encabezados del csv de las baterias

[Sat Feb  3 12:26:06 2024
] Error: La informacion de las baterias es incorrecta

[Sat Feb  3 12:26:06 2024
] Error: Fallo las entradas son incorrectas
[Sat Feb  3 12:26:36 2024
] Error: Error en la columna 5 del CSV baterias el encabezado deberia ser A침o Inicial y es A絪 Inicial
[Sat Feb  3 12:26:36 2024
] Error: los encabezados del csv de las baterias son incorrectos

[Sat Feb  3 12:26:36 2024
] Error: error en los encabezados del csv de las baterias

[Sat Feb  3 12:26:36 2024
] Error: La informacion de las baterias es incorrecta

[Sat Feb  3 12:26:36 2024
] Error: Fallo las entradas son incorrectas
[Sat Feb  3 12:27:10 2024
] Error: Error en la columna 5 del CSV baterias el encabezado deberia ser A침o Inicial y es A絪 Inicial
[Sat Feb  3 12:27:10 2024
] Error: los encabezados del csv de las baterias son incorrectos

[Sat Feb  3 12:27:10 2024
] Error: error en los encabezados del csv de las baterias

[Sat Feb  3 12:27:10 2024
] Error: La informacion de las baterias es incorrecta

[Sat Feb  3 12:27:10 2024
] Error: Fallo las entradas son incorrectas
[Sat Feb  3 12:27:59 2024
] Error: Error en la columna 10 del CSV baterias el encabezado deberia ser A y es A침o Final
[Sat Feb  3 12:27:59 2024
] Error: los encabezados del csv de las baterias son incorrectos

[Sat Feb  3 12:27:59 2024
] Error: error en los encabezados del csv de las baterias

[Sat Feb  3 12:27:59 2024
] Error: La informacion de las baterias es incorrecta

[Sat Feb  3 12:27:59 2024
] Error: Fallo las entradas son incorrectas
